Using pre-set license
Built from '2021.3/staging' branch; Version is '2021.3.18f1 (3129e69bc0c7) revision 3221990'; Using compiler version '192829333'; Build Type 'Release'
OS: 'Windows 10  (10.0.19045) 64bit Core' Language: 'en' Physical Memory: 16332 MB
BatchMode: 1, IsHumanControllingUs: 0, StartBugReporterOnCrash: 0, Is64bit: 1, IsPro: 1

COMMAND LINE ARGUMENTS:
C:\Program Files\Unity\Hub\Editor\2021.3.18f1\Editor\Unity.exe
-adb2
-batchMode
-noUpm
-name
AssetImportWorker2
-projectPath
C:/Users/sligh/source/Games/Delivery Driver
-logFile
Logs/AssetImportWorker2.log
-srvPort
51184
Successfully changed project path to: C:/Users/sligh/source/Games/Delivery Driver
C:/Users/sligh/source/Games/Delivery Driver
[UnityMemory] Configuration Parameters - Can be set up in boot.config
    "memorysetup-bucket-allocator-granularity=16"
    "memorysetup-bucket-allocator-bucket-count=8"
    "memorysetup-bucket-allocator-block-size=33554432"
    "memorysetup-bucket-allocator-block-count=8"
    "memorysetup-main-allocator-block-size=16777216"
    "memorysetup-thread-allocator-block-size=16777216"
    "memorysetup-gfx-main-allocator-block-size=16777216"
    "memorysetup-gfx-thread-allocator-block-size=16777216"
    "memorysetup-cache-allocator-block-size=4194304"
    "memorysetup-typetree-allocator-block-size=2097152"
    "memorysetup-profiler-bucket-allocator-granularity=16"
    "memorysetup-profiler-bucket-allocator-bucket-count=8"
    "memorysetup-profiler-bucket-allocator-block-size=33554432"
    "memorysetup-profiler-bucket-allocator-block-count=8"
    "memorysetup-profiler-allocator-block-size=16777216"
    "memorysetup-profiler-editor-allocator-block-size=1048576"
    "memorysetup-temp-allocator-size-main=16777216"
    "memorysetup-job-temp-allocator-block-size=2097152"
    "memorysetup-job-temp-allocator-block-size-background=1048576"
    "memorysetup-job-temp-allocator-reduction-small-platforms=262144"
    "memorysetup-temp-allocator-size-background-worker=32768"
    "memorysetup-temp-allocator-size-job-worker=262144"
    "memorysetup-temp-allocator-size-preload-manager=33554432"
    "memorysetup-temp-allocator-size-nav-mesh-worker=65536"
    "memorysetup-temp-allocator-size-audio-worker=65536"
    "memorysetup-temp-allocator-size-cloud-worker=32768"
    "memorysetup-temp-allocator-size-gi-baking-worker=262144"
    "memorysetup-temp-allocator-size-gfx=262144"
Player connection [5780] Host "[IP] 192.168.56.1 [Port] 0 [Flags] 2 [Guid] 1197889822 [EditorId] 1197889822 [Version] 1048832 [Id] WindowsEditor(7,DESKTOP-KOPRSUO) [Debug] 1 [PackageName] WindowsEditor [ProjectName] Editor" joined multi-casting on [225.0.0.222:54997]...

Player connection [5780] Host "[IP] 192.168.56.1 [Port] 0 [Flags] 2 [Guid] 1197889822 [EditorId] 1197889822 [Version] 1048832 [Id] WindowsEditor(7,DESKTOP-KOPRSUO) [Debug] 1 [PackageName] WindowsEditor [ProjectName] Editor" joined alternative multi-casting on [225.0.0.222:34997]...

Refreshing native plugins compatible for Editor in 109.39 ms, found 4 plugins.
Preloading 0 native plugins for Editor in 0.00 ms.
Initialize engine version: 2021.3.18f1 (3129e69bc0c7)
[Subsystems] Discovering subsystems at path C:/Program Files/Unity/Hub/Editor/2021.3.18f1/Editor/Data/Resources/UnitySubsystems
[Subsystems] Discovering subsystems at path C:/Users/sligh/source/Games/Delivery Driver/Assets
GfxDevice: creating device client; threaded=0; jobified=0
Direct3D:
    Version:  Direct3D 11.0 [level 11.1]
    Renderer: NVIDIA GeForce GTX 1660 SUPER (ID=0x21c4)
    Vendor:   NVIDIA
    VRAM:     5991 MB
    Driver:   31.0.15.1694
Initialize mono
Mono path[0] = 'C:/Program Files/Unity/Hub/Editor/2021.3.18f1/Editor/Data/Managed'
Mono path[1] = 'C:/Program Files/Unity/Hub/Editor/2021.3.18f1/Editor/Data/MonoBleedingEdge/lib/mono/unityjit-win32'
Mono config path = 'C:/Program Files/Unity/Hub/Editor/2021.3.18f1/Editor/Data/MonoBleedingEdge/etc'
Using monoOptions --debugger-agent=transport=dt_socket,embedding=1,server=y,suspend=n,address=127.0.0.1:56784
Begin MonoManager ReloadAssembly
Registering precompiled unity dll's ...
Register platform support module: C:/Program Files/Unity/Hub/Editor/2021.3.18f1/Editor/Data/PlaybackEngines/WebGLSupport/UnityEditor.WebGL.Extensions.dll
Register platform support module: C:/Program Files/Unity/Hub/Editor/2021.3.18f1/Editor/Data/PlaybackEngines/WindowsStandaloneSupport/UnityEditor.WindowsStandalone.Extensions.dll
Registered in 0.008806 seconds.
Native extension for WindowsStandalone target not found
Native extension for WebGL target not found
Refreshing native plugins compatible for Editor in 93.31 ms, found 4 plugins.
Preloading 0 native plugins for Editor in 0.00 ms.
Mono: successfully reloaded assembly
- Completed reload, in  0.636 seconds
Domain Reload Profiling:
	ReloadAssembly (636ms)
		BeginReloadAssembly (80ms)
			ExecutionOrderSort (0ms)
			DisableScriptedObjects (0ms)
			BackupInstance (0ms)
			ReleaseScriptingObjects (0ms)
			CreateAndSetChildDomain (1ms)
		EndReloadAssembly (431ms)
			LoadAssemblies (78ms)
			RebuildTransferFunctionScriptingTraits (0ms)
			SetupTypeCache (93ms)
			ReleaseScriptCaches (0ms)
			RebuildScriptCaches (29ms)
			SetupLoadedEditorAssemblies (265ms)
				LogAssemblyErrors (0ms)
				InitializePlatformSupportModulesInManaged (9ms)
				SetLoadedEditorAssemblies (0ms)
				RefreshPlugins (93ms)
				BeforeProcessingInitializeOnLoad (1ms)
				ProcessInitializeOnLoadAttributes (120ms)
				ProcessInitializeOnLoadMethodAttributes (41ms)
				AfterProcessingInitializeOnLoad (0ms)
				EditorAssembliesLoaded (0ms)
			ExecutionOrderSort2 (0ms)
			AwakeInstancesAfterBackupRestoration (0ms)
Platform modules already initialized, skipping
Registering precompiled user dll's ...
Registered in 0.006479 seconds.
Begin MonoManager ReloadAssembly
Symbol file LoadedFromMemory doesn't match image C:\Users\sligh\source\Games\Delivery Driver\Library\PackageCache\com.unity.visualscripting@1.8.0\Editor\VisualScripting.Core\Dependencies\YamlDotNet\Unity.VisualScripting.YamlDotNet.dll
Symbol file LoadedFromMemory doesn't match image C:\Users\sligh\source\Games\Delivery Driver\Library\PackageCache\com.unity.visualscripting@1.8.0\Editor\VisualScripting.Core\Dependencies\DotNetZip\Unity.VisualScripting.IonicZip.dll
Native extension for WindowsStandalone target not found
Native extension for WebGL target not found
Refreshing native plugins compatible for Editor in 92.00 ms, found 4 plugins.
Preloading 0 native plugins for Editor in 0.00 ms.
Mono: successfully reloaded assembly
- Completed reload, in  0.989 seconds
Domain Reload Profiling:
	ReloadAssembly (990ms)
		BeginReloadAssembly (107ms)
			ExecutionOrderSort (0ms)
			DisableScriptedObjects (5ms)
			BackupInstance (0ms)
			ReleaseScriptingObjects (0ms)
			CreateAndSetChildDomain (18ms)
		EndReloadAssembly (778ms)
			LoadAssemblies (72ms)
			RebuildTransferFunctionScriptingTraits (0ms)
			SetupTypeCache (203ms)
			ReleaseScriptCaches (1ms)
			RebuildScriptCaches (46ms)
			SetupLoadedEditorAssemblies (419ms)
				LogAssemblyErrors (0ms)
				InitializePlatformSupportModulesInManaged (6ms)
				SetLoadedEditorAssemblies (0ms)
				RefreshPlugins (92ms)
				BeforeProcessingInitializeOnLoad (93ms)
				ProcessInitializeOnLoadAttributes (189ms)
				ProcessInitializeOnLoadMethodAttributes (30ms)
				AfterProcessingInitializeOnLoad (8ms)
				EditorAssembliesLoaded (0ms)
			ExecutionOrderSort2 (0ms)
			AwakeInstancesAfterBackupRestoration (5ms)
Platform modules already initialized, skipping
========================================================================
Worker process is ready to serve import requests
Launched and connected shader compiler UnityShaderCompiler.exe after 0.03 seconds
Refreshing native plugins compatible for Editor in 0.78 ms, found 4 plugins.
Preloading 0 native plugins for Editor in 0.00 ms.
Unloading 3735 Unused Serialized files (Serialized files now loaded: 0)
Unloading 41 unused Assets / (229.4 KB). Loaded Objects now: 4188.
Memory consumption went from 142.6 MB to 142.4 MB.
Total: 3.034100 ms (FindLiveObjects: 0.320100 ms CreateObjectMapping: 0.100900 ms MarkObjects: 2.446400 ms  DeleteObjects: 0.165100 ms)

AssetImportParameters requested are different than current active one (requested -> active):
  custom:video-decoder-ogg-theora: a1e56fd34408186e4bbccfd4996cb3dc -> 
  custom:container-muxer-webm: aa71ff27fc2769a1b78a27578f13a17b -> 
  custom:container-demuxer-webm: 4f35f7cbe854078d1ac9338744f61a02 -> 
  custom:video-encoder-webm-vp8: eb34c28f22e8b96e1ab97ce403110664 -> 
  custom:video-codec-MediaFoundation-h265: e54d7ab0439102e2317fc1e4b246158d -> 
  custom:audio-encoder-webm-vorbis: bf7c407c2cedff20999df2af8eb42d56 -> 
  custom:framework-win-MediaFoundation: 216162199b28c13a410421893ffa2e32 -> 
  custom:container-demuxer-ogg: 62fdf1f143b41e24485cea50d1cbac27 -> 
  custom:video-decoder-webm-vp8: 9c59270c3fd7afecdb556c50c9e8de78 -> 
  custom:audio-decoder-ogg-vorbis: bf7c407c2cedff20999df2af8eb42d56 -> 
========================================================================
Received Import Request.
  Time since last request: 11236.812998 seconds.
  path: Assets/Delivery Driver Assets/House 1.png
  artifactKey: Guid(9b71d4e2d209eda42a53bd11ce2d40fc) Importer(815301076,1909f56bfc062723c751e8b465ee728b)
Start importing Assets/Delivery Driver Assets/House 1.png using Guid(9b71d4e2d209eda42a53bd11ce2d40fc) Importer(815301076,1909f56bfc062723c751e8b465ee728b)  -> (artifact id: '06b9ac22fe77889e1be5d34e573c1fd9') in 0.092359 seconds 
========================================================================
Received Import Request.
  Time since last request: 38.725417 seconds.
  path: Assets/Delivery Driver Assets/House 1.png
  artifactKey: Guid(9b71d4e2d209eda42a53bd11ce2d40fc) Importer(815301076,1909f56bfc062723c751e8b465ee728b)
Start importing Assets/Delivery Driver Assets/House 1.png using Guid(9b71d4e2d209eda42a53bd11ce2d40fc) Importer(815301076,1909f56bfc062723c751e8b465ee728b)  -> (artifact id: 'be87814b96966b50f88c02bd4a3dcaac') in 0.025378 seconds 
========================================================================
Received Import Request.
  Time since last request: 23.982640 seconds.
  path: Assets/Delivery Driver Assets/Road 2.png
  artifactKey: Guid(4d09f8bd18c4f1a4bb7feb8b4cddddb4) Importer(815301076,1909f56bfc062723c751e8b465ee728b)
Start importing Assets/Delivery Driver Assets/Road 2.png using Guid(4d09f8bd18c4f1a4bb7feb8b4cddddb4) Importer(815301076,1909f56bfc062723c751e8b465ee728b)  -> (artifact id: 'b251ed31d8cd514c4279c9d3d79b1187') in 0.036200 seconds 
========================================================================
Received Import Request.
  Time since last request: 19.895680 seconds.
  path: Assets/Delivery Driver Assets/Road 2.png
  artifactKey: Guid(4d09f8bd18c4f1a4bb7feb8b4cddddb4) Importer(815301076,1909f56bfc062723c751e8b465ee728b)
Start importing Assets/Delivery Driver Assets/Road 2.png using Guid(4d09f8bd18c4f1a4bb7feb8b4cddddb4) Importer(815301076,1909f56bfc062723c751e8b465ee728b)  -> (artifact id: 'dc2511abd1d4ecfc2f1ceffc0aa2915e') in 0.032965 seconds 
========================================================================
Received Import Request.
  Time since last request: 12.276385 seconds.
  path: Assets/Delivery Driver Assets/Road 2.png
  artifactKey: Guid(4d09f8bd18c4f1a4bb7feb8b4cddddb4) Importer(815301076,1909f56bfc062723c751e8b465ee728b)
Start importing Assets/Delivery Driver Assets/Road 2.png using Guid(4d09f8bd18c4f1a4bb7feb8b4cddddb4) Importer(815301076,1909f56bfc062723c751e8b465ee728b)  -> (artifact id: '38c241d95ec475b8dc827cf789c975e8') in 0.031189 seconds 
========================================================================
Received Import Request.
  Time since last request: 14.400847 seconds.
  path: Assets/Delivery Driver Assets/Road 2.png
  artifactKey: Guid(4d09f8bd18c4f1a4bb7feb8b4cddddb4) Importer(815301076,1909f56bfc062723c751e8b465ee728b)
Start importing Assets/Delivery Driver Assets/Road 2.png using Guid(4d09f8bd18c4f1a4bb7feb8b4cddddb4) Importer(815301076,1909f56bfc062723c751e8b465ee728b)  -> (artifact id: '32c8921ccfae48a4e285080a665af004') in 0.035461 seconds 
========================================================================
Received Import Request.
  Time since last request: 7.535250 seconds.
  path: Assets/Delivery Driver Assets/Road 2.png
  artifactKey: Guid(4d09f8bd18c4f1a4bb7feb8b4cddddb4) Importer(815301076,1909f56bfc062723c751e8b465ee728b)
Start importing Assets/Delivery Driver Assets/Road 2.png using Guid(4d09f8bd18c4f1a4bb7feb8b4cddddb4) Importer(815301076,1909f56bfc062723c751e8b465ee728b)  -> (artifact id: 'ee2ecdaeb37319226468201eb9360de2') in 0.038408 seconds 
========================================================================
Received Import Request.
  Time since last request: 24.256486 seconds.
  path: Assets/Delivery Driver Assets/Corner 1.png
  artifactKey: Guid(95dd2c2d5d4e49447a4bab2723c1094e) Importer(815301076,1909f56bfc062723c751e8b465ee728b)
Start importing Assets/Delivery Driver Assets/Corner 1.png using Guid(95dd2c2d5d4e49447a4bab2723c1094e) Importer(815301076,1909f56bfc062723c751e8b465ee728b)  -> (artifact id: '8a47edfc61455487f25f9c5319ff1f8d') in 0.104156 seconds 
========================================================================
Received Import Request.
  Time since last request: 0.000035 seconds.
  path: Assets/Delivery Driver Assets/Intersection 2.png
  artifactKey: Guid(443004d592400e24eb7f2252c07601c5) Importer(815301076,1909f56bfc062723c751e8b465ee728b)
Start importing Assets/Delivery Driver Assets/Intersection 2.png using Guid(443004d592400e24eb7f2252c07601c5) Importer(815301076,1909f56bfc062723c751e8b465ee728b)  -> (artifact id: '278d66fd798a83dc96b7fdccc0cfbbe3') in 0.188337 seconds 
========================================================================
Received Import Request.
  Time since last request: 0.000030 seconds.
  path: Assets/Delivery Driver Assets/Curve 1.png
  artifactKey: Guid(bd6c6e61874885d43820344ab1491955) Importer(815301076,1909f56bfc062723c751e8b465ee728b)
Start importing Assets/Delivery Driver Assets/Curve 1.png using Guid(bd6c6e61874885d43820344ab1491955) Importer(815301076,1909f56bfc062723c751e8b465ee728b)  -> (artifact id: '78a9a4a7ccf80a97d790f2b81c4b787f') in 0.070148 seconds 
========================================================================
Received Import Request.
  Time since last request: 0.000026 seconds.
  path: Assets/Delivery Driver Assets/Corner 3.png
  artifactKey: Guid(d2873464e0b937540a5ee5b051f9f54f) Importer(815301076,1909f56bfc062723c751e8b465ee728b)
Start importing Assets/Delivery Driver Assets/Corner 3.png using Guid(d2873464e0b937540a5ee5b051f9f54f) Importer(815301076,1909f56bfc062723c751e8b465ee728b)  -> (artifact id: 'bf2d6cadb14b510d0818e344b9256bb7') in 0.027959 seconds 
========================================================================
Received Import Request.
  Time since last request: 25.706561 seconds.
  path: Assets/Delivery Driver Assets/Road 1.png
  artifactKey: Guid(af907a8431c711d4db556dec902f6ddc) Importer(815301076,1909f56bfc062723c751e8b465ee728b)
Start importing Assets/Delivery Driver Assets/Road 1.png using Guid(af907a8431c711d4db556dec902f6ddc) Importer(815301076,1909f56bfc062723c751e8b465ee728b)  -> (artifact id: '9f75aab6934ea4d7dca9824c82e58b1a') in 0.020080 seconds 
========================================================================
Received Import Request.
  Time since last request: 10.909579 seconds.
  path: Assets/Delivery Driver Assets/House 2.png
  artifactKey: Guid(a2eb377f6daf9b14291e60cbbe82e1f1) Importer(815301076,1909f56bfc062723c751e8b465ee728b)
Start importing Assets/Delivery Driver Assets/House 2.png using Guid(a2eb377f6daf9b14291e60cbbe82e1f1) Importer(815301076,1909f56bfc062723c751e8b465ee728b)  -> (artifact id: '0875e92474f223c0fc980bb677ee2bbb') in 0.009769 seconds 
========================================================================
Received Import Request.
  Time since last request: 28.164397 seconds.
  path: Assets/Delivery Driver Assets/Bridge.png
  artifactKey: Guid(9fe1fff0c5fc38c419c1fc3a15b7dff3) Importer(815301076,1909f56bfc062723c751e8b465ee728b)
Start importing Assets/Delivery Driver Assets/Bridge.png using Guid(9fe1fff0c5fc38c419c1fc3a15b7dff3) Importer(815301076,1909f56bfc062723c751e8b465ee728b)  -> (artifact id: '8b7ffeb6b09a731472986418a91e7e15') in 0.089242 seconds 
========================================================================
Received Import Request.
  Time since last request: 36.603268 seconds.
  path: Assets/Delivery Driver Assets/Tree 1.png
  artifactKey: Guid(744d498d41474b24c917e37e9b865751) Importer(815301076,1909f56bfc062723c751e8b465ee728b)
Start importing Assets/Delivery Driver Assets/Tree 1.png using Guid(744d498d41474b24c917e37e9b865751) Importer(815301076,1909f56bfc062723c751e8b465ee728b)  -> (artifact id: '49d421e6ac8cbafc645e09c6075513d5') in 0.012539 seconds 
========================================================================
Received Import Request.
  Time since last request: 14.657808 seconds.
  path: Assets/Delivery Driver Assets/Tree 3.png
  artifactKey: Guid(c01d3e5b4f200564d9163e2437fbb48a) Importer(815301076,1909f56bfc062723c751e8b465ee728b)
Start importing Assets/Delivery Driver Assets/Tree 3.png using Guid(c01d3e5b4f200564d9163e2437fbb48a) Importer(815301076,1909f56bfc062723c751e8b465ee728b)  -> (artifact id: 'a9e8273380e22f5f708a523cb0a9f7c2') in 0.016072 seconds 
========================================================================
Received Import Request.
  Time since last request: 13.153032 seconds.
  path: Assets/Delivery Driver Assets/Tree 2.png
  artifactKey: Guid(cd3b8077a5568904ea7219b149835fe4) Importer(815301076,1909f56bfc062723c751e8b465ee728b)
Start importing Assets/Delivery Driver Assets/Tree 2.png using Guid(cd3b8077a5568904ea7219b149835fe4) Importer(815301076,1909f56bfc062723c751e8b465ee728b)  -> (artifact id: 'e104f2d209e36235ea96b95a26ec2f38') in 0.013340 seconds 
========================================================================
Received Import Request.
  Time since last request: 6.077462 seconds.
  path: Assets/Delivery Driver Assets/Tree 2.png
  artifactKey: Guid(cd3b8077a5568904ea7219b149835fe4) Importer(815301076,1909f56bfc062723c751e8b465ee728b)
Start importing Assets/Delivery Driver Assets/Tree 2.png using Guid(cd3b8077a5568904ea7219b149835fe4) Importer(815301076,1909f56bfc062723c751e8b465ee728b)  -> (artifact id: '3d2d3d533bc438b77916d9fa490177d1') in 0.015787 seconds 
========================================================================
Received Import Request.
  Time since last request: 84.704727 seconds.
  path: Assets/Delivery Driver Assets/Tree 4.png
  artifactKey: Guid(126791fe139f8954780f99afa4fec766) Importer(815301076,1909f56bfc062723c751e8b465ee728b)
Start importing Assets/Delivery Driver Assets/Tree 4.png using Guid(126791fe139f8954780f99afa4fec766) Importer(815301076,1909f56bfc062723c751e8b465ee728b)  -> (artifact id: '30afdd99428963dfd810c017a5739534') in 0.013017 seconds 
========================================================================
Received Import Request.
  Time since last request: 54.631741 seconds.
  path: Packages/com.unity.collab-proxy/Editor/PlasticSCM/Assets/Images/buttonssosigninunity.png
  artifactKey: Guid(f9161c6c9e06dc445ada3ee16d991f90) Importer(815301076,1909f56bfc062723c751e8b465ee728b)
Start importing Packages/com.unity.collab-proxy/Editor/PlasticSCM/Assets/Images/buttonssosigninunity.png using Guid(f9161c6c9e06dc445ada3ee16d991f90) Importer(815301076,1909f56bfc062723c751e8b465ee728b)  -> (artifact id: '2de28bbd60403b3cea92704de0cc5c8a') in 0.036877 seconds 
========================================================================
Received Import Request.
  Time since last request: 0.000018 seconds.
  path: Packages/com.unity.2d.sprite/Editor/ObjectMenuCreation/DefaultAssets/Textures/Capsule.png
  artifactKey: Guid(bd3cb4af8406d4436a2ae8c2aafe1f8d) Importer(815301076,1909f56bfc062723c751e8b465ee728b)
Start importing Packages/com.unity.2d.sprite/Editor/ObjectMenuCreation/DefaultAssets/Textures/Capsule.png using Guid(bd3cb4af8406d4436a2ae8c2aafe1f8d) Importer(815301076,1909f56bfc062723c751e8b465ee728b)  -> (artifact id: '0cbf8d945fa83872b9acc9a61844e595') in 0.050020 seconds 
========================================================================
Received Import Request.
  Time since last request: 0.000017 seconds.
  path: Packages/com.unity.2d.animation/Editor/Assets/SkinningModule/Icons/Selected/character_Mode.png
  artifactKey: Guid(e60718119cec31e4190849292fcde068) Importer(815301076,1909f56bfc062723c751e8b465ee728b)
Start importing Packages/com.unity.2d.animation/Editor/Assets/SkinningModule/Icons/Selected/character_Mode.png using Guid(e60718119cec31e4190849292fcde068) Importer(815301076,1909f56bfc062723c751e8b465ee728b)  -> (artifact id: '4a8bee7bbb298a09f337afd067c34cc3') in 0.041363 seconds 
Editor requested this worker to shutdown with reason: Scaling down because of idle timeout
AssetImportWorker is now disconnected from the server
Process exiting
Exiting without the bug reporter. Application will terminate with return code 0